e:\codefield\learning-diy-tcp_web-master\xnet_tiny_c0000\x64\debug\vc142.pdb
e:\codefield\learning-diy-tcp_web-master\xnet_tiny_c0000\x64\debug\vc142.idb
e:\codefield\learning-diy-tcp_web-master\xnet_tiny_c0000\x64\debug\xudp.obj
e:\codefield\learning-diy-tcp_web-master\xnet_tiny_c0000\x64\debug\xtcp.obj
e:\codefield\learning-diy-tcp_web-master\xnet_tiny_c0000\x64\debug\xip.obj
e:\codefield\learning-diy-tcp_web-master\xnet_tiny_c0000\x64\debug\xicmp.obj
e:\codefield\learning-diy-tcp_web-master\xnet_tiny_c0000\x64\debug\xethernet.obj
e:\codefield\learning-diy-tcp_web-master\xnet_tiny_c0000\x64\debug\xarp.obj
e:\codefield\learning-diy-tcp_web-master\xnet_tiny_c0000\x64\debug\xnet_tiny.obj
e:\codefield\learning-diy-tcp_web-master\xnet_tiny_c0000\x64\debug\xserver_http.obj
e:\codefield\learning-diy-tcp_web-master\xnet_tiny_c0000\x64\debug\xserver_datetime.obj
e:\codefield\learning-diy-tcp_web-master\xnet_tiny_c0000\x64\debug\port_pcap.obj
e:\codefield\learning-diy-tcp_web-master\xnet_tiny_c0000\x64\debug\app.obj
e:\codefield\learning-diy-tcp_web-master\xnet_tiny_c0000\x64\debug\boot.obj
e:\codefield\learning-diy-tcp_web-master\xnet_tiny_c0000\x64\debug\base.obj
e:\codefield\learning-diy-tcp_web-master\xnet_tiny_c0000\x64\debug\pcap_device.obj
e:\codefield\learning-diy-tcp_web-master\xnet_tiny_c0000\x64\debug\xnet.ilk
e:\codefield\learning-diy-tcp_web-master\xnet_tiny_c0000\x64\debug\xnet.exe
e:\codefield\learning-diy-tcp_web-master\xnet_tiny_c0000\x64\debug\xnet.pdb
e:\codefield\learning-diy-tcp_web-master\xnet_tiny_c0000\x64\debug\xnet.tlog\cl.command.1.tlog
e:\codefield\learning-diy-tcp_web-master\xnet_tiny_c0000\x64\debug\xnet.tlog\cl.read.1.tlog
e:\codefield\learning-diy-tcp_web-master\xnet_tiny_c0000\x64\debug\xnet.tlog\cl.write.1.tlog
e:\codefield\learning-diy-tcp_web-master\xnet_tiny_c0000\x64\debug\xnet.tlog\link.command.1.tlog
e:\codefield\learning-diy-tcp_web-master\xnet_tiny_c0000\x64\debug\xnet.tlog\link.read.1.tlog
e:\codefield\learning-diy-tcp_web-master\xnet_tiny_c0000\x64\debug\xnet.tlog\link.write.1.tlog
